2017-10-06 13:33:21,766 CRIT Supervisor running as root (no user in config file)
2017-10-06 13:33:21,786 INFO RPC interface 'supervisor' initialized
2017-10-06 13:33:21,787 CRIT Server 'inet_http_server' running without any HTTP authentication checking
2017-10-06 13:33:21,791 INFO supervisord started with pid 1
2017-10-06 13:33:22,795 INFO spawned: 'httpd' with pid 9
2017-10-06 13:33:22,799 INFO spawned: 'sshd' with pid 10
2017-10-06 13:33:22,801 INFO spawned: 'mysql' with pid 11
2017-10-06 13:33:23,974 INFO success: httpd entered RUNNING state, process has stayed up for > than 1 seconds (startsecs)
2017-10-06 13:33:23,975 INFO success: sshd entered RUNNING state, process has stayed up for > than 1 seconds (startsecs)
2017-10-06 13:33:23,975 INFO success: mysql entered RUNNING state, process has stayed up for > than 1 seconds (startsecs)
2017-10-06 13:40:14,765 CRIT Supervisor running as root (no user in config file)
2017-10-06 13:40:14,793 INFO RPC interface 'supervisor' initialized
2017-10-06 13:40:14,793 CRIT Server 'inet_http_server' running without any HTTP authentication checking
2017-10-06 13:40:14,796 INFO supervisord started with pid 1
2017-10-06 13:40:15,800 INFO spawned: 'httpd' with pid 7
2017-10-06 13:40:15,803 INFO spawned: 'sshd' with pid 8
2017-10-06 13:40:15,807 INFO spawned: 'mysql' with pid 9
2017-10-06 13:40:17,165 INFO success: httpd entered RUNNING state, process has stayed up for > than 1 seconds (startsecs)
2017-10-06 13:40:17,166 INFO success: sshd entered RUNNING state, process has stayed up for > than 1 seconds (startsecs)
2017-10-06 13:40:17,167 INFO success: mysql entered RUNNING state, process has stayed up for > than 1 seconds (startsecs)
2017-10-06 15:42:19,702 WARN received SIGTERM indicating exit request
2017-10-06 15:42:19,705 INFO waiting for httpd, sshd, mysql to die
2017-10-06 15:42:20,713 INFO stopped: mysql (exit status 0)
2017-10-06 15:42:20,716 INFO stopped: sshd (exit status 255)
2017-10-06 15:42:20,824 INFO stopped: httpd (exit status 0)
2017-10-06 15:48:30,656 CRIT Supervisor running as root (no user in config file)
2017-10-06 15:48:30,672 INFO RPC interface 'supervisor' initialized
2017-10-06 15:48:30,672 CRIT Server 'inet_http_server' running without any HTTP authentication checking
2017-10-06 15:48:30,676 INFO supervisord started with pid 1
2017-10-06 15:48:31,686 INFO spawned: 'httpd' with pid 7
2017-10-06 15:48:31,690 INFO spawned: 'sshd' with pid 8
2017-10-06 15:48:31,694 INFO spawned: 'mysql' with pid 9
2017-10-06 15:48:32,845 INFO success: httpd entered RUNNING state, process has stayed up for > than 1 seconds (startsecs)
2017-10-06 15:48:32,846 INFO success: sshd entered RUNNING state, process has stayed up for > than 1 seconds (startsecs)
2017-10-06 15:48:32,846 INFO success: mysql entered RUNNING state, process has stayed up for > than 1 seconds (startsecs)
2017-10-06 15:51:38,164 WARN received SIGTERM indicating exit request
2017-10-06 15:51:38,171 INFO waiting for httpd, sshd, mysql to die
2017-10-06 15:51:39,175 INFO stopped: mysql (exit status 0)
2017-10-06 15:51:39,178 INFO stopped: sshd (exit status 255)
2017-10-06 15:51:39,284 INFO stopped: httpd (exit status 0)
2017-10-06 19:06:10,993 CRIT Supervisor running as root (no user in config file)
2017-10-06 19:06:11,012 INFO RPC interface 'supervisor' initialized
2017-10-06 19:06:11,013 CRIT Server 'inet_http_server' running without any HTTP authentication checking
2017-10-06 19:06:11,017 INFO supervisord started with pid 1
2017-10-06 19:06:12,021 INFO spawned: 'httpd' with pid 7
2017-10-06 19:06:12,024 INFO spawned: 'sshd' with pid 8
2017-10-06 19:06:12,026 INFO spawned: 'mysql' with pid 9
2017-10-06 19:06:13,184 INFO success: httpd entered RUNNING state, process has stayed up for > than 1 seconds (startsecs)
2017-10-06 19:06:13,185 INFO success: sshd entered RUNNING state, process has stayed up for > than 1 seconds (startsecs)
2017-10-06 19:06:13,185 INFO success: mysql entered RUNNING state, process has stayed up for > than 1 seconds (startsecs)
2017-10-06 21:01:50,636 WARN received SIGTERM indicating exit request
2017-10-06 21:01:50,643 INFO waiting for httpd, sshd, mysql to die
2017-10-06 21:01:51,645 INFO stopped: mysql (exit status 0)
2017-10-06 21:01:51,647 INFO stopped: sshd (exit status 255)
2017-10-06 21:01:51,752 INFO stopped: httpd (exit status 0)
2017-10-06 21:14:34,854 CRIT Supervisor running as root (no user in config file)
2017-10-06 21:14:34,913 INFO RPC interface 'supervisor' initialized
2017-10-06 21:14:34,916 CRIT Server 'inet_http_server' running without any HTTP authentication checking
2017-10-06 21:14:34,923 INFO supervisord started with pid 1
2017-10-06 21:14:35,931 INFO spawned: 'httpd' with pid 7
2017-10-06 21:14:35,935 INFO spawned: 'sshd' with pid 8
2017-10-06 21:14:35,944 INFO spawned: 'mysql' with pid 9
2017-10-06 21:14:37,199 INFO success: httpd entered RUNNING state, process has stayed up for > than 1 seconds (startsecs)
2017-10-06 21:14:37,200 INFO success: sshd entered RUNNING state, process has stayed up for > than 1 seconds (startsecs)
2017-10-06 21:14:37,200 INFO success: mysql entered RUNNING state, process has stayed up for > than 1 seconds (startsecs)
2017-10-06 21:15:07,928 WARN received SIGTERM indicating exit request
2017-10-06 21:15:07,929 INFO waiting for httpd, sshd, mysql to die
2017-10-06 21:15:07,934 INFO stopped: mysql (exit status 0)
2017-10-06 21:15:07,937 INFO stopped: sshd (exit status 255)
2017-10-06 21:15:08,044 INFO stopped: httpd (exit status 0)
2017-10-06 21:15:29,486 CRIT Supervisor running as root (no user in config file)
2017-10-06 21:15:29,532 INFO RPC interface 'supervisor' initialized
2017-10-06 21:15:29,545 CRIT Server 'inet_http_server' running without any HTTP authentication checking
2017-10-06 21:15:29,551 INFO supervisord started with pid 1
2017-10-06 21:15:30,559 INFO spawned: 'httpd' with pid 7
2017-10-06 21:15:30,564 INFO spawned: 'sshd' with pid 8
2017-10-06 21:15:30,567 INFO spawned: 'mysql' with pid 9
2017-10-06 21:15:31,741 INFO success: httpd entered RUNNING state, process has stayed up for > than 1 seconds (startsecs)
2017-10-06 21:15:31,741 INFO success: sshd entered RUNNING state, process has stayed up for > than 1 seconds (startsecs)
2017-10-06 21:15:31,743 INFO success: mysql entered RUNNING state, process has stayed up for > than 1 seconds (startsecs)
2017-10-08 17:32:38,263 WARN received SIGTERM indicating exit request
2017-10-08 17:32:38,266 INFO waiting for httpd, sshd, mysql to die
2017-10-08 17:32:38,289 INFO stopped: mysql (exit status 0)
2017-10-08 17:32:38,301 INFO stopped: sshd (exit status 255)
2017-10-08 17:32:38,736 INFO stopped: httpd (exit status 0)
2017-10-08 17:32:49,570 CRIT Supervisor running as root (no user in config file)
2017-10-08 17:32:49,743 INFO RPC interface 'supervisor' initialized
2017-10-08 17:32:49,749 CRIT Server 'inet_http_server' running without any HTTP authentication checking
2017-10-08 17:32:49,758 INFO supervisord started with pid 1
2017-10-08 17:32:50,765 INFO spawned: 'httpd' with pid 7
2017-10-08 17:32:50,781 INFO spawned: 'sshd' with pid 8
2017-10-08 17:32:50,803 INFO spawned: 'mysql' with pid 9
2017-10-08 17:32:52,501 INFO success: httpd entered RUNNING state, process has stayed up for > than 1 seconds (startsecs)
2017-10-08 17:32:52,502 INFO success: sshd entered RUNNING state, process has stayed up for > than 1 seconds (startsecs)
2017-10-08 17:32:52,503 INFO success: mysql entered RUNNING state, process has stayed up for > than 1 seconds (startsecs)
2017-10-08 17:34:06,385 CRIT Supervisor running as root (no user in config file)
2017-10-08 17:34:06,467 INFO RPC interface 'supervisor' initialized
2017-10-08 17:34:06,470 CRIT Server 'inet_http_server' running without any HTTP authentication checking
2017-10-08 17:34:06,476 INFO supervisord started with pid 1
2017-10-08 17:34:07,484 INFO spawned: 'httpd' with pid 7
2017-10-08 17:34:07,491 INFO spawned: 'sshd' with pid 8
2017-10-08 17:34:07,513 INFO spawned: 'mysql' with pid 9
2017-10-08 17:34:09,240 INFO success: httpd entered RUNNING state, process has stayed up for > than 1 seconds (startsecs)
2017-10-08 17:34:09,241 INFO success: sshd entered RUNNING state, process has stayed up for > than 1 seconds (startsecs)
2017-10-08 17:34:09,241 INFO success: mysql entered RUNNING state, process has stayed up for > than 1 seconds (startsecs)
2017-10-08 17:34:29,396 WARN received SIGTERM indicating exit request
2017-10-08 17:34:29,401 INFO waiting for httpd, sshd, mysql to die
2017-10-08 17:34:29,403 INFO stopped: mysql (exit status 0)
2017-10-08 17:34:29,406 INFO stopped: sshd (exit status 255)
2017-10-08 17:34:29,509 INFO stopped: httpd (exit status 0)
2017-10-08 17:35:27,283 CRIT Supervisor running as root (no user in config file)
2017-10-08 17:35:27,345 INFO RPC interface 'supervisor' initialized
2017-10-08 17:35:27,346 CRIT Server 'inet_http_server' running without any HTTP authentication checking
2017-10-08 17:35:27,351 INFO supervisord started with pid 1
2017-10-08 17:35:28,355 INFO spawned: 'httpd' with pid 8
2017-10-08 17:35:28,368 INFO spawned: 'sshd' with pid 9
2017-10-08 17:35:28,378 INFO spawned: 'mysql' with pid 10
2017-10-08 17:35:29,498 INFO success: httpd entered RUNNING state, process has stayed up for > than 1 seconds (startsecs)
2017-10-08 17:35:29,499 INFO success: sshd entered RUNNING state, process has stayed up for > than 1 seconds (startsecs)
2017-10-08 17:35:29,500 INFO success: mysql entered RUNNING state, process has stayed up for > than 1 seconds (startsecs)
2017-10-08 17:50:34,668 WARN received SIGTERM indicating exit request
2017-10-08 17:50:34,677 INFO waiting for httpd, sshd, mysql to die
2017-10-08 17:50:35,570 INFO stopped: mysql (exit status 0)
2017-10-08 17:50:35,571 INFO reaped unknown pid 11
2017-10-08 17:50:35,574 INFO stopped: sshd (exit status 255)
2017-10-08 17:50:35,678 INFO stopped: httpd (exit status 0)
2017-10-08 17:50:52,467 CRIT Supervisor running as root (no user in config file)
2017-10-08 17:50:52,490 INFO RPC interface 'supervisor' initialized
2017-10-08 17:50:52,491 CRIT Server 'inet_http_server' running without any HTTP authentication checking
2017-10-08 17:50:52,495 INFO supervisord started with pid 1
2017-10-08 17:50:53,498 INFO spawned: 'httpd' with pid 9
2017-10-08 17:50:53,500 INFO spawned: 'sshd' with pid 10
2017-10-08 17:50:53,503 INFO spawned: 'mysql' with pid 11
2017-10-08 17:50:54,727 INFO success: httpd entered RUNNING state, process has stayed up for > than 1 seconds (startsecs)
2017-10-08 17:50:54,728 INFO success: sshd entered RUNNING state, process has stayed up for > than 1 seconds (startsecs)
2017-10-08 17:50:54,729 INFO success: mysql entered RUNNING state, process has stayed up for > than 1 seconds (startsecs)
2017-10-08 17:58:23,923 WARN received SIGTERM indicating exit request
2017-10-08 17:58:23,923 INFO waiting for httpd, sshd, mysql to die
2017-10-08 17:58:24,574 INFO stopped: mysql (exit status 0)
2017-10-08 17:58:24,575 INFO reaped unknown pid 12
2017-10-08 17:58:24,578 INFO stopped: sshd (exit status 255)
2017-10-08 17:58:24,689 INFO stopped: httpd (exit status 0)
2017-10-08 17:58:38,025 CRIT Supervisor running as root (no user in config file)
2017-10-08 17:58:38,050 INFO RPC interface 'supervisor' initialized
2017-10-08 17:58:38,055 CRIT Server 'inet_http_server' running without any HTTP authentication checking
2017-10-08 17:58:38,062 INFO supervisord started with pid 1
2017-10-08 17:58:39,067 INFO spawned: 'httpd' with pid 7
2017-10-08 17:58:39,072 INFO spawned: 'sshd' with pid 8
2017-10-08 17:58:39,076 INFO spawned: 'mysql' with pid 9
2017-10-08 17:58:40,202 INFO success: httpd entered RUNNING state, process has stayed up for > than 1 seconds (startsecs)
2017-10-08 17:58:40,205 INFO success: sshd entered RUNNING state, process has stayed up for > than 1 seconds (startsecs)
2017-10-08 17:58:40,207 INFO success: mysql entered RUNNING state, process has stayed up for > than 1 seconds (startsecs)
2017-10-08 17:59:04,194 WARN received SIGTERM indicating exit request
2017-10-08 17:59:04,195 INFO waiting for httpd, sshd, mysql to die
2017-10-08 17:59:04,656 INFO stopped: mysql (exit status 0)
2017-10-08 17:59:04,657 INFO reaped unknown pid 10
2017-10-08 17:59:04,659 INFO stopped: sshd (exit status 255)
2017-10-08 17:59:04,767 INFO stopped: httpd (exit status 0)
2017-10-08 17:59:17,900 CRIT Supervisor running as root (no user in config file)
2017-10-08 17:59:17,934 INFO RPC interface 'supervisor' initialized
2017-10-08 17:59:17,935 CRIT Server 'inet_http_server' running without any HTTP authentication checking
2017-10-08 17:59:17,940 INFO supervisord started with pid 1
2017-10-08 17:59:18,944 INFO spawned: 'httpd' with pid 8
2017-10-08 17:59:18,947 INFO spawned: 'sshd' with pid 9
2017-10-08 17:59:18,950 INFO spawned: 'mysql' with pid 10
2017-10-08 17:59:20,111 INFO success: httpd entered RUNNING state, process has stayed up for > than 1 seconds (startsecs)
2017-10-08 17:59:20,113 INFO success: sshd entered RUNNING state, process has stayed up for > than 1 seconds (startsecs)
2017-10-08 17:59:20,114 INFO success: mysql entered RUNNING state, process has stayed up for > than 1 seconds (startsecs)
2017-10-08 18:01:56,914 WARN received SIGTERM indicating exit request
2017-10-08 18:01:56,915 INFO waiting for httpd, sshd, mysql to die
2017-10-08 18:01:57,924 INFO stopped: mysql (exit status 0)
2017-10-08 18:01:57,927 INFO stopped: sshd (exit status 255)
2017-10-08 18:01:58,036 INFO stopped: httpd (exit status 0)
2017-10-08 18:03:54,896 CRIT Supervisor running as root (no user in config file)
2017-10-08 18:03:54,946 INFO RPC interface 'supervisor' initialized
2017-10-08 18:03:54,948 CRIT Server 'inet_http_server' running without any HTTP authentication checking
2017-10-08 18:03:54,972 INFO supervisord started with pid 1
2017-10-08 18:03:55,975 INFO spawned: 'httpd' with pid 7
2017-10-08 18:03:55,978 INFO spawned: 'sshd' with pid 8
2017-10-08 18:03:55,984 INFO spawned: 'mysql' with pid 9
2017-10-08 18:03:57,271 INFO success: httpd entered RUNNING state, process has stayed up for > than 1 seconds (startsecs)
2017-10-08 18:03:57,272 INFO success: sshd entered RUNNING state, process has stayed up for > than 1 seconds (startsecs)
2017-10-08 18:03:57,273 INFO success: mysql entered RUNNING state, process has stayed up for > than 1 seconds (startsecs)
2017-10-08 18:55:40,897 WARN received SIGTERM indicating exit request
2017-10-08 18:55:40,902 INFO waiting for httpd, sshd, mysql to die
2017-10-08 18:55:40,908 INFO stopped: mysql (exit status 0)
2017-10-08 18:55:40,914 INFO stopped: sshd (exit status 255)
2017-10-08 18:55:41,034 INFO stopped: httpd (exit status 0)
2017-10-08 18:57:30,366 CRIT Supervisor running as root (no user in config file)
2017-10-08 18:57:30,390 INFO RPC interface 'supervisor' initialized
2017-10-08 18:57:30,392 CRIT Server 'inet_http_server' running without any HTTP authentication checking
2017-10-08 18:57:30,399 INFO supervisord started with pid 1
2017-10-08 18:57:31,404 INFO spawned: 'httpd' with pid 7
2017-10-08 18:57:31,407 INFO spawned: 'sshd' with pid 8
2017-10-08 18:57:31,413 INFO spawned: 'mysql' with pid 9
2017-10-08 18:57:32,580 INFO success: httpd entered RUNNING state, process has stayed up for > than 1 seconds (startsecs)
2017-10-08 18:57:32,581 INFO success: sshd entered RUNNING state, process has stayed up for > than 1 seconds (startsecs)
2017-10-08 18:57:32,582 INFO success: mysql entered RUNNING state, process has stayed up for > than 1 seconds (startsecs)
2017-10-08 18:58:47,029 CRIT Supervisor running as root (no user in config file)
2017-10-08 18:58:47,096 INFO RPC interface 'supervisor' initialized
2017-10-08 18:58:47,097 CRIT Server 'inet_http_server' running without any HTTP authentication checking
2017-10-08 18:58:47,104 INFO supervisord started with pid 1
2017-10-08 18:58:48,107 INFO spawned: 'httpd' with pid 9
2017-10-08 18:58:48,110 INFO spawned: 'sshd' with pid 10
2017-10-08 18:58:48,115 INFO spawned: 'mysql' with pid 11
2017-10-08 18:58:49,432 INFO success: httpd entered RUNNING state, process has stayed up for > than 1 seconds (startsecs)
2017-10-08 18:58:49,434 INFO success: sshd entered RUNNING state, process has stayed up for > than 1 seconds (startsecs)
2017-10-08 18:58:49,435 INFO success: mysql entered RUNNING state, process has stayed up for > than 1 seconds (startsecs)
2017-10-08 19:01:11,545 WARN received SIGTERM indicating exit request
2017-10-08 19:01:11,546 INFO waiting for httpd, sshd, mysql to die
2017-10-08 19:01:11,552 INFO stopped: mysql (exit status 0)
2017-10-08 19:01:11,554 INFO stopped: sshd (exit status 255)
2017-10-08 19:01:11,668 INFO stopped: httpd (exit status 0)
2017-10-08 19:01:55,505 CRIT Supervisor running as root (no user in config file)
2017-10-08 19:01:55,527 INFO RPC interface 'supervisor' initialized
2017-10-08 19:01:55,528 CRIT Server 'inet_http_server' running without any HTTP authentication checking
2017-10-08 19:01:55,532 INFO supervisord started with pid 1
2017-10-08 19:01:56,537 INFO spawned: 'httpd' with pid 8
2017-10-08 19:01:56,550 INFO spawned: 'sshd' with pid 9
2017-10-08 19:01:56,570 INFO spawned: 'mysql' with pid 10
2017-10-08 19:01:57,893 INFO success: httpd entered RUNNING state, process has stayed up for > than 1 seconds (startsecs)
2017-10-08 19:01:57,894 INFO success: sshd entered RUNNING state, process has stayed up for > than 1 seconds (startsecs)
2017-10-08 19:01:57,895 INFO success: mysql entered RUNNING state, process has stayed up for > than 1 seconds (startsecs)
2017-10-08 19:03:43,175 WARN received SIGTERM indicating exit request
2017-10-08 19:03:43,176 INFO waiting for httpd, sshd, mysql to die
2017-10-08 19:03:44,186 INFO stopped: mysql (exit status 0)
2017-10-08 19:03:44,190 INFO stopped: sshd (exit status 255)
2017-10-08 19:03:44,298 INFO stopped: httpd (exit status 0)
2017-10-08 19:03:58,345 CRIT Supervisor running as root (no user in config file)
2017-10-08 19:03:58,413 INFO RPC interface 'supervisor' initialized
2017-10-08 19:03:58,416 CRIT Server 'inet_http_server' running without any HTTP authentication checking
2017-10-08 19:03:58,420 INFO supervisord started with pid 1
2017-10-08 19:03:59,425 INFO spawned: 'httpd' with pid 7
2017-10-08 19:03:59,428 INFO spawned: 'sshd' with pid 8
2017-10-08 19:03:59,430 INFO spawned: 'mysql' with pid 9
2017-10-08 19:04:00,600 INFO success: httpd entered RUNNING state, process has stayed up for > than 1 seconds (startsecs)
2017-10-08 19:04:00,601 INFO success: sshd entered RUNNING state, process has stayed up for > than 1 seconds (startsecs)
2017-10-08 19:04:00,602 INFO success: mysql entered RUNNING state, process has stayed up for > than 1 seconds (startsecs)
2017-10-08 19:33:49,474 WARN received SIGTERM indicating exit request
2017-10-08 19:33:49,475 INFO waiting for httpd, sshd, mysql to die
2017-10-08 19:33:49,487 INFO stopped: mysql (exit status 0)
2017-10-08 19:33:49,491 INFO stopped: sshd (exit status 255)
2017-10-08 19:33:49,613 INFO stopped: httpd (exit status 0)
2017-10-08 19:33:56,977 CRIT Supervisor running as root (no user in config file)
2017-10-08 19:33:57,014 INFO RPC interface 'supervisor' initialized
2017-10-08 19:33:57,016 CRIT Server 'inet_http_server' running without any HTTP authentication checking
2017-10-08 19:33:57,024 INFO supervisord started with pid 1
2017-10-08 19:33:58,027 INFO spawned: 'httpd' with pid 7
2017-10-08 19:33:58,034 INFO spawned: 'sshd' with pid 8
2017-10-08 19:33:58,040 INFO spawned: 'mysql' with pid 9
2017-10-08 19:33:59,311 INFO success: httpd entered RUNNING state, process has stayed up for > than 1 seconds (startsecs)
2017-10-08 19:33:59,312 INFO success: sshd entered RUNNING state, process has stayed up for > than 1 seconds (startsecs)
2017-10-08 19:33:59,314 INFO success: mysql entered RUNNING state, process has stayed up for > than 1 seconds (startsecs)
2017-10-08 20:27:01,407 WARN received SIGTERM indicating exit request
2017-10-08 20:27:01,408 INFO waiting for httpd, sshd, mysql to die
2017-10-08 20:27:01,421 INFO stopped: mysql (exit status 0)
2017-10-08 20:27:01,424 INFO stopped: sshd (exit status 255)
2017-10-08 20:27:01,531 INFO stopped: httpd (exit status 0)
2017-10-08 20:28:53,255 CRIT Supervisor running as root (no user in config file)
2017-10-08 20:28:53,275 INFO RPC interface 'supervisor' initialized
2017-10-08 20:28:53,275 CRIT Server 'inet_http_server' running without any HTTP authentication checking
2017-10-08 20:28:53,279 INFO supervisord started with pid 1
2017-10-08 20:28:54,283 INFO spawned: 'httpd' with pid 7
2017-10-08 20:28:54,287 INFO spawned: 'sshd' with pid 8
2017-10-08 20:28:54,304 INFO spawned: 'mysql' with pid 9
2017-10-08 20:28:55,704 INFO success: httpd entered RUNNING state, process has stayed up for > than 1 seconds (startsecs)
2017-10-08 20:28:55,704 INFO success: sshd entered RUNNING state, process has stayed up for > than 1 seconds (startsecs)
2017-10-08 20:28:55,705 INFO success: mysql entered RUNNING state, process has stayed up for > than 1 seconds (startsecs)
2017-10-08 20:52:28,542 WARN received SIGTERM indicating exit request
2017-10-08 20:52:28,545 INFO waiting for httpd, sshd, mysql to die
2017-10-08 20:52:29,551 INFO stopped: mysql (exit status 0)
2017-10-08 20:52:29,554 INFO stopped: sshd (exit status 255)
2017-10-08 20:52:29,660 INFO stopped: httpd (exit status 0)
2017-10-08 21:03:11,814 CRIT Supervisor running as root (no user in config file)
2017-10-08 21:03:11,858 INFO RPC interface 'supervisor' initialized
2017-10-08 21:03:11,859 CRIT Server 'inet_http_server' running without any HTTP authentication checking
2017-10-08 21:03:11,862 INFO supervisord started with pid 1
2017-10-08 21:03:12,868 INFO spawned: 'httpd' with pid 7
2017-10-08 21:03:12,875 INFO spawned: 'sshd' with pid 8
2017-10-08 21:03:12,882 INFO spawned: 'mysql' with pid 9
2017-10-08 21:03:14,168 INFO success: httpd entered RUNNING state, process has stayed up for > than 1 seconds (startsecs)
2017-10-08 21:03:14,169 INFO success: sshd entered RUNNING state, process has stayed up for > than 1 seconds (startsecs)
2017-10-08 21:03:14,170 INFO success: mysql entered RUNNING state, process has stayed up for > than 1 seconds (startsecs)
2017-10-08 21:30:38,533 WARN received SIGTERM indicating exit request
2017-10-08 21:30:38,534 INFO waiting for httpd, sshd, mysql to die
2017-10-08 21:30:38,538 INFO stopped: mysql (exit status 0)
2017-10-08 21:30:38,540 INFO stopped: sshd (exit status 255)
2017-10-08 21:30:38,651 INFO stopped: httpd (exit status 0)
2017-10-09 06:41:14,640 CRIT Supervisor running as root (no user in config file)
2017-10-09 06:41:14,711 INFO RPC interface 'supervisor' initialized
2017-10-09 06:41:14,714 CRIT Server 'inet_http_server' running without any HTTP authentication checking
2017-10-09 06:41:14,720 INFO supervisord started with pid 1
2017-10-09 06:41:15,724 INFO spawned: 'httpd' with pid 8
2017-10-09 06:41:15,729 INFO spawned: 'sshd' with pid 9
2017-10-09 06:41:15,735 INFO spawned: 'mysql' with pid 10
2017-10-09 06:41:17,008 INFO success: httpd entered RUNNING state, process has stayed up for > than 1 seconds (startsecs)
2017-10-09 06:41:17,008 INFO success: sshd entered RUNNING state, process has stayed up for > than 1 seconds (startsecs)
2017-10-09 06:41:17,009 INFO success: mysql entered RUNNING state, process has stayed up for > than 1 seconds (startsecs)
2017-10-09 07:09:13,570 WARN received SIGTERM indicating exit request
2017-10-09 07:09:13,571 INFO waiting for httpd, sshd, mysql to die
2017-10-09 07:09:13,578 INFO stopped: mysql (exit status 0)
2017-10-09 07:09:13,584 INFO stopped: sshd (exit status 255)
2017-10-09 07:09:13,707 INFO stopped: httpd (exit status 0)
2017-10-09 07:09:20,197 CRIT Supervisor running as root (no user in config file)
2017-10-09 07:09:20,235 INFO RPC interface 'supervisor' initialized
2017-10-09 07:09:20,237 CRIT Server 'inet_http_server' running without any HTTP authentication checking
2017-10-09 07:09:20,243 INFO supervisord started with pid 1
2017-10-09 07:09:21,252 INFO spawned: 'httpd' with pid 7
2017-10-09 07:09:21,255 INFO spawned: 'sshd' with pid 8
2017-10-09 07:09:21,260 INFO spawned: 'mysql' with pid 9
2017-10-09 07:09:22,406 INFO success: httpd entered RUNNING state, process has stayed up for > than 1 seconds (startsecs)
2017-10-09 07:09:22,408 INFO success: sshd entered RUNNING state, process has stayed up for > than 1 seconds (startsecs)
2017-10-09 07:09:22,409 INFO success: mysql entered RUNNING state, process has stayed up for > than 1 seconds (startsecs)
2017-10-09 07:58:23,656 WARN received SIGTERM indicating exit request
2017-10-09 07:58:23,657 INFO waiting for httpd, sshd, mysql to die
2017-10-09 07:58:23,668 INFO stopped: mysql (exit status 0)
2017-10-09 07:58:23,672 INFO stopped: sshd (exit status 255)
2017-10-09 07:58:23,740 INFO stopped: httpd (exit status 0)
2017-10-09 07:58:35,422 CRIT Supervisor running as root (no user in config file)
2017-10-09 07:58:35,442 INFO RPC interface 'supervisor' initialized
2017-10-09 07:58:35,456 CRIT Server 'inet_http_server' running without any HTTP authentication checking
2017-10-09 07:58:35,461 INFO supervisord started with pid 1
2017-10-09 07:58:36,469 INFO spawned: 'httpd' with pid 7
2017-10-09 07:58:36,472 INFO spawned: 'sshd' with pid 8
2017-10-09 07:58:36,477 INFO spawned: 'mysql' with pid 9
2017-10-09 07:58:37,600 INFO success: httpd entered RUNNING state, process has stayed up for > than 1 seconds (startsecs)
2017-10-09 07:58:37,601 INFO success: sshd entered RUNNING state, process has stayed up for > than 1 seconds (startsecs)
2017-10-09 07:58:37,601 INFO success: mysql entered RUNNING state, process has stayed up for > than 1 seconds (startsecs)
2017-10-09 07:59:37,199 WARN received SIGTERM indicating exit request
2017-10-09 07:59:37,199 INFO waiting for httpd, sshd, mysql to die
2017-10-09 07:59:38,207 INFO stopped: mysql (exit status 0)
2017-10-09 07:59:38,209 INFO stopped: sshd (exit status 255)
2017-10-09 07:59:38,313 INFO stopped: httpd (exit status 0)
2017-10-09 08:00:25,785 CRIT Supervisor running as root (no user in config file)
2017-10-09 08:00:25,815 INFO RPC interface 'supervisor' initialized
2017-10-09 08:00:25,817 CRIT Server 'inet_http_server' running without any HTTP authentication checking
2017-10-09 08:00:25,822 INFO supervisord started with pid 1
2017-10-09 08:00:26,829 INFO spawned: 'httpd' with pid 8
2017-10-09 08:00:26,835 INFO spawned: 'sshd' with pid 9
2017-10-09 08:00:26,839 INFO spawned: 'mysql' with pid 10
2017-10-09 08:00:28,022 INFO success: httpd entered RUNNING state, process has stayed up for > than 1 seconds (startsecs)
2017-10-09 08:00:28,023 INFO success: sshd entered RUNNING state, process has stayed up for > than 1 seconds (startsecs)
2017-10-09 08:00:28,023 INFO success: mysql entered RUNNING state, process has stayed up for > than 1 seconds (startsecs)
2017-10-09 10:38:44,734 WARN received SIGTERM indicating exit request
2017-10-09 10:38:44,739 INFO waiting for httpd, sshd, mysql to die
2017-10-09 10:38:44,891 INFO stopped: mysql (exit status 0)
2017-10-09 10:38:44,966 INFO stopped: sshd (exit status 255)
2017-10-09 10:38:45,752 INFO stopped: httpd (exit status 0)
2017-10-10 08:54:40,550 CRIT Supervisor running as root (no user in config file)
2017-10-10 08:54:40,720 INFO RPC interface 'supervisor' initialized
2017-10-10 08:54:40,722 CRIT Server 'inet_http_server' running without any HTTP authentication checking
2017-10-10 08:54:40,734 INFO supervisord started with pid 1
2017-10-10 08:54:41,738 INFO spawned: 'httpd' with pid 7
2017-10-10 08:54:41,744 INFO spawned: 'sshd' with pid 8
2017-10-10 08:54:41,749 INFO spawned: 'mysql' with pid 9
2017-10-10 08:54:43,127 INFO success: httpd entered RUNNING state, process has stayed up for > than 1 seconds (startsecs)
2017-10-10 08:54:43,127 INFO success: sshd entered RUNNING state, process has stayed up for > than 1 seconds (startsecs)
2017-10-10 08:54:43,128 INFO success: mysql entered RUNNING state, process has stayed up for > than 1 seconds (startsecs)
2017-10-10 13:48:14,154 WARN received SIGTERM indicating exit request
2017-10-10 13:48:14,163 INFO waiting for httpd, sshd, mysql to die
2017-10-10 13:48:15,176 INFO stopped: mysql (exit status 0)
2017-10-10 13:48:15,190 INFO stopped: sshd (exit status 255)
2017-10-10 13:48:15,322 INFO stopped: httpd (exit status 0)
2017-10-10 13:50:58,751 CRIT Supervisor running as root (no user in config file)
2017-10-10 13:50:58,800 INFO RPC interface 'supervisor' initialized
2017-10-10 13:50:58,801 CRIT Server 'inet_http_server' running without any HTTP authentication checking
2017-10-10 13:50:58,805 INFO supervisord started with pid 1
2017-10-10 13:50:59,810 INFO spawned: 'httpd' with pid 7
2017-10-10 13:50:59,813 INFO spawned: 'sshd' with pid 8
2017-10-10 13:50:59,821 INFO spawned: 'mysql' with pid 9
2017-10-10 13:51:00,990 INFO success: httpd entered RUNNING state, process has stayed up for > than 1 seconds (startsecs)
2017-10-10 13:51:00,991 INFO success: sshd entered RUNNING state, process has stayed up for > than 1 seconds (startsecs)
2017-10-10 13:51:00,993 INFO success: mysql entered RUNNING state, process has stayed up for > than 1 seconds (startsecs)
2017-10-10 14:25:10,322 WARN received SIGTERM indicating exit request
2017-10-10 14:25:10,327 INFO waiting for httpd, sshd, mysql to die
2017-10-10 14:25:11,330 INFO stopped: mysql (exit status 0)
2017-10-10 14:25:11,333 INFO stopped: sshd (exit status 255)
2017-10-10 14:25:11,446 INFO stopped: httpd (exit status 0)
2017-10-10 14:25:25,456 CRIT Supervisor running as root (no user in config file)
2017-10-10 14:25:25,495 INFO RPC interface 'supervisor' initialized
2017-10-10 14:25:25,496 CRIT Server 'inet_http_server' running without any HTTP authentication checking
2017-10-10 14:25:25,500 INFO supervisord started with pid 1
2017-10-10 14:25:26,505 INFO spawned: 'httpd' with pid 7
2017-10-10 14:25:26,515 INFO spawned: 'sshd' with pid 8
2017-10-10 14:25:26,521 INFO spawned: 'mysql' with pid 9
2017-10-10 14:25:27,696 INFO success: httpd entered RUNNING state, process has stayed up for > than 1 seconds (startsecs)
2017-10-10 14:25:27,696 INFO success: sshd entered RUNNING state, process has stayed up for > than 1 seconds (startsecs)
2017-10-10 14:25:27,697 INFO success: mysql entered RUNNING state, process has stayed up for > than 1 seconds (startsecs)
2017-10-11 12:59:48,484 WARN received SIGTERM indicating exit request
2017-10-11 12:59:48,503 INFO waiting for httpd, sshd, mysql to die
2017-10-11 12:59:48,584 INFO stopped: mysql (exit status 0)
2017-10-11 12:59:48,633 INFO stopped: sshd (exit status 255)
2017-10-11 12:59:49,097 INFO stopped: httpd (exit status 0)
2017-10-11 14:00:54,592 CRIT Supervisor running as root (no user in config file)
2017-10-11 14:00:54,624 INFO RPC interface 'supervisor' initialized
2017-10-11 14:00:54,626 CRIT Server 'inet_http_server' running without any HTTP authentication checking
2017-10-11 14:00:54,637 INFO supervisord started with pid 1
2017-10-11 14:00:55,642 INFO spawned: 'httpd' with pid 7
2017-10-11 14:00:55,651 INFO spawned: 'sshd' with pid 8
2017-10-11 14:00:55,663 INFO spawned: 'mysql' with pid 9
2017-10-11 14:00:57,110 INFO success: httpd entered RUNNING state, process has stayed up for > than 1 seconds (startsecs)
2017-10-11 14:00:57,110 INFO success: sshd entered RUNNING state, process has stayed up for > than 1 seconds (startsecs)
2017-10-11 14:00:57,111 INFO success: mysql entered RUNNING state, process has stayed up for > than 1 seconds (startsecs)
2017-10-11 20:19:39,824 WARN received SIGTERM indicating exit request
2017-10-11 20:19:39,835 INFO waiting for httpd, sshd, mysql to die
2017-10-11 20:19:39,842 INFO stopped: mysql (exit status 0)
2017-10-11 20:19:39,849 INFO stopped: sshd (exit status 255)
2017-10-11 20:19:39,997 INFO stopped: httpd (exit status 0)
2017-10-12 07:26:01,638 CRIT Supervisor running as root (no user in config file)
2017-10-12 07:26:01,738 INFO RPC interface 'supervisor' initialized
2017-10-12 07:26:01,742 CRIT Server 'inet_http_server' running without any HTTP authentication checking
2017-10-12 07:26:01,747 INFO supervisord started with pid 1
2017-10-12 07:26:02,752 INFO spawned: 'httpd' with pid 7
2017-10-12 07:26:02,772 INFO spawned: 'sshd' with pid 8
2017-10-12 07:26:02,806 INFO spawned: 'mysql' with pid 9
2017-10-12 07:26:04,554 INFO success: httpd entered RUNNING state, process has stayed up for > than 1 seconds (startsecs)
2017-10-12 07:26:04,555 INFO success: sshd entered RUNNING state, process has stayed up for > than 1 seconds (startsecs)
2017-10-12 07:26:04,556 INFO success: mysql entered RUNNING state, process has stayed up for > than 1 seconds (startsecs)
2017-10-13 09:09:53,258 CRIT Supervisor running as root (no user in config file)
2017-10-13 09:09:53,277 INFO RPC interface 'supervisor' initialized
2017-10-13 09:09:53,278 CRIT Server 'inet_http_server' running without any HTTP authentication checking
2017-10-13 09:09:53,281 INFO supervisord started with pid 1
2017-10-13 09:09:54,285 INFO spawned: 'httpd' with pid 7
2017-10-13 09:09:54,294 INFO spawned: 'sshd' with pid 8
2017-10-13 09:09:54,305 INFO spawned: 'mysql' with pid 9
2017-10-13 09:09:55,688 INFO success: httpd entered RUNNING state, process has stayed up for > than 1 seconds (startsecs)
2017-10-13 09:09:55,689 INFO success: sshd entered RUNNING state, process has stayed up for > than 1 seconds (startsecs)
2017-10-13 09:09:55,689 INFO success: mysql entered RUNNING state, process has stayed up for > than 1 seconds (startsecs)
2017-10-24 14:53:13,519 CRIT Supervisor running as root (no user in config file)
2017-10-24 14:53:13,549 INFO RPC interface 'supervisor' initialized
2017-10-24 14:53:13,550 CRIT Server 'inet_http_server' running without any HTTP authentication checking
2017-10-24 14:53:13,553 INFO supervisord started with pid 1
2017-10-24 14:53:15,349 INFO spawned: 'httpd' with pid 7
2017-10-24 14:53:15,356 INFO spawned: 'sshd' with pid 8
2017-10-24 14:53:15,370 INFO spawned: 'mysql' with pid 9
2017-10-24 14:53:16,927 INFO success: httpd entered RUNNING state, process has stayed up for > than 1 seconds (startsecs)
2017-10-24 14:53:16,928 INFO success: sshd entered RUNNING state, process has stayed up for > than 1 seconds (startsecs)
2017-10-24 14:53:16,929 INFO success: mysql entered RUNNING state, process has stayed up for > than 1 seconds (startsecs)
2017-10-24 16:53:31,587 WARN received SIGTERM indicating exit request
2017-10-24 16:53:31,592 INFO waiting for httpd, sshd, mysql to die
2017-10-24 16:53:31,609 INFO stopped: mysql (exit status 0)
2017-10-24 16:53:31,617 INFO stopped: sshd (exit status 255)
2017-10-24 16:53:31,724 INFO stopped: httpd (exit status 0)
2017-10-30 14:37:20,517 CRIT Supervisor running as root (no user in config file)
2017-10-30 14:37:20,552 INFO RPC interface 'supervisor' initialized
2017-10-30 14:37:20,552 CRIT Server 'inet_http_server' running without any HTTP authentication checking
2017-10-30 14:37:20,556 INFO supervisord started with pid 1
2017-10-30 14:37:21,560 INFO spawned: 'httpd' with pid 7
2017-10-30 14:37:21,565 INFO spawned: 'sshd' with pid 8
2017-10-30 14:37:21,584 INFO spawned: 'mysql' with pid 9
2017-10-30 14:37:23,043 INFO success: httpd entered RUNNING state, process has stayed up for > than 1 seconds (startsecs)
2017-10-30 14:37:23,044 INFO success: sshd entered RUNNING state, process has stayed up for > than 1 seconds (startsecs)
2017-10-30 14:37:23,045 INFO success: mysql entered RUNNING state, process has stayed up for > than 1 seconds (startsecs)
2017-10-30 14:39:42,361 CRIT Supervisor running as root (no user in config file)
2017-10-30 14:39:42,406 INFO RPC interface 'supervisor' initialized
2017-10-30 14:39:42,407 CRIT Server 'inet_http_server' running without any HTTP authentication checking
2017-10-30 14:39:42,413 INFO supervisord started with pid 1
2017-10-30 14:39:43,415 INFO spawned: 'httpd' with pid 7
2017-10-30 14:39:43,417 INFO spawned: 'sshd' with pid 8
2017-10-30 14:39:43,420 INFO spawned: 'mysql' with pid 9
2017-10-30 14:39:44,581 INFO success: httpd entered RUNNING state, process has stayed up for > than 1 seconds (startsecs)
2017-10-30 14:39:44,582 INFO success: sshd entered RUNNING state, process has stayed up for > than 1 seconds (startsecs)
2017-10-30 14:39:44,583 INFO success: mysql entered RUNNING state, process has stayed up for > than 1 seconds (startsecs)
2017-10-30 14:40:49,695 WARN received SIGTERM indicating exit request
2017-10-30 14:40:49,703 INFO waiting for httpd, sshd, mysql to die
2017-10-30 14:40:50,707 INFO stopped: mysql (exit status 0)
2017-10-30 14:40:50,714 INFO stopped: sshd (exit status 255)
2017-10-30 14:40:50,819 INFO stopped: httpd (exit status 0)
2017-10-30 14:46:16,441 CRIT Supervisor running as root (no user in config file)
2017-10-30 14:46:16,499 INFO RPC interface 'supervisor' initialized
2017-10-30 14:46:16,500 CRIT Server 'inet_http_server' running without any HTTP authentication checking
2017-10-30 14:46:16,506 INFO supervisord started with pid 1
2017-10-30 14:46:17,509 INFO spawned: 'httpd' with pid 7
2017-10-30 14:46:17,512 INFO spawned: 'sshd' with pid 8
2017-10-30 14:46:17,515 INFO spawned: 'mysql' with pid 9
2017-10-30 14:46:18,636 INFO success: httpd entered RUNNING state, process has stayed up for > than 1 seconds (startsecs)
2017-10-30 14:46:18,636 INFO success: sshd entered RUNNING state, process has stayed up for > than 1 seconds (startsecs)
2017-10-30 14:46:18,637 INFO success: mysql entered RUNNING state, process has stayed up for > than 1 seconds (startsecs)
2017-10-31 10:51:14,925 WARN received SIGTERM indicating exit request
2017-10-31 10:51:14,963 INFO waiting for httpd, sshd, mysql to die
2017-10-31 10:51:14,981 INFO stopped: mysql (exit status 0)
2017-10-31 10:51:14,995 INFO stopped: sshd (exit status 255)
2017-10-31 10:51:15,445 INFO stopped: httpd (exit status 0)
2017-10-31 10:52:18,910 CRIT Supervisor running as root (no user in config file)
2017-10-31 10:52:19,060 INFO RPC interface 'supervisor' initialized
2017-10-31 10:52:19,062 CRIT Server 'inet_http_server' running without any HTTP authentication checking
2017-10-31 10:52:19,069 INFO supervisord started with pid 1
2017-10-31 10:52:20,094 INFO spawned: 'httpd' with pid 7
2017-10-31 10:52:20,118 INFO spawned: 'sshd' with pid 8
2017-10-31 10:52:20,139 INFO spawned: 'mysql' with pid 9
2017-10-31 10:52:21,158 INFO success: httpd entered RUNNING state, process has stayed up for > than 1 seconds (startsecs)
2017-10-31 10:52:21,159 INFO success: sshd entered RUNNING state, process has stayed up for > than 1 seconds (startsecs)
2017-10-31 10:52:21,194 INFO success: mysql entered RUNNING state, process has stayed up for > than 1 seconds (startsecs)
2017-10-31 17:48:12,799 WARN received SIGTERM indicating exit request
2017-10-31 17:48:12,802 INFO waiting for httpd, sshd, mysql to die
2017-10-31 17:48:12,827 INFO stopped: mysql (exit status 0)
2017-10-31 17:48:12,841 INFO stopped: sshd (exit status 255)
2017-10-31 17:48:13,229 INFO stopped: httpd (exit status 0)
2017-10-31 17:49:13,320 CRIT Supervisor running as root (no user in config file)
2017-10-31 17:49:13,359 INFO RPC interface 'supervisor' initialized
2017-10-31 17:49:13,361 CRIT Server 'inet_http_server' running without any HTTP authentication checking
2017-10-31 17:49:13,373 INFO supervisord started with pid 1
2017-10-31 17:49:14,378 INFO spawned: 'httpd' with pid 11
2017-10-31 17:49:14,382 INFO spawned: 'sshd' with pid 12
2017-10-31 17:49:14,387 INFO spawned: 'mysql' with pid 13
2017-10-31 17:49:15,684 INFO success: httpd entered RUNNING state, process has stayed up for > than 1 seconds (startsecs)
2017-10-31 17:49:15,685 INFO success: sshd entered RUNNING state, process has stayed up for > than 1 seconds (startsecs)
2017-10-31 17:49:15,686 INFO success: mysql entered RUNNING state, process has stayed up for > than 1 seconds (startsecs)
2017-10-31 18:02:15,479 WARN received SIGTERM indicating exit request
2017-10-31 18:02:15,484 INFO waiting for httpd, sshd, mysql to die
2017-10-31 18:02:16,486 INFO stopped: mysql (exit status 0)
2017-10-31 18:02:16,488 INFO stopped: sshd (exit status 255)
2017-10-31 18:02:16,603 INFO stopped: httpd (exit status 0)
2017-10-31 18:02:39,265 CRIT Supervisor running as root (no user in config file)
2017-10-31 18:02:39,287 INFO RPC interface 'supervisor' initialized
2017-10-31 18:02:39,288 CRIT Server 'inet_http_server' running without any HTTP authentication checking
2017-10-31 18:02:39,290 INFO supervisord started with pid 1
2017-10-31 18:02:40,296 INFO spawned: 'httpd' with pid 7
2017-10-31 18:02:40,300 INFO spawned: 'sshd' with pid 8
2017-10-31 18:02:40,308 INFO spawned: 'mysql' with pid 9
2017-10-31 18:02:41,821 INFO success: httpd entered RUNNING state, process has stayed up for > than 1 seconds (startsecs)
2017-10-31 18:02:41,822 INFO success: sshd entered RUNNING state, process has stayed up for > than 1 seconds (startsecs)
2017-10-31 18:02:41,823 INFO success: mysql entered RUNNING state, process has stayed up for > than 1 seconds (startsecs)
2017-10-31 18:04:29,151 WARN received SIGTERM indicating exit request
2017-10-31 18:04:29,152 INFO waiting for httpd, sshd, mysql to die
2017-10-31 18:04:29,158 INFO stopped: mysql (exit status 0)
2017-10-31 18:04:29,160 INFO stopped: sshd (exit status 255)
2017-10-31 18:04:29,261 INFO stopped: httpd (exit status 0)
2017-10-31 18:04:49,537 CRIT Supervisor running as root (no user in config file)
2017-10-31 18:04:49,557 INFO RPC interface 'supervisor' initialized
2017-10-31 18:04:49,558 CRIT Server 'inet_http_server' running without any HTTP authentication checking
2017-10-31 18:04:49,560 INFO supervisord started with pid 1
2017-10-31 18:04:50,573 INFO spawned: 'httpd' with pid 7
2017-10-31 18:04:50,586 INFO spawned: 'sshd' with pid 8
2017-10-31 18:04:50,615 INFO spawned: 'mysql' with pid 9
2017-10-31 18:04:52,064 INFO success: httpd entered RUNNING state, process has stayed up for > than 1 seconds (startsecs)
2017-10-31 18:04:52,065 INFO success: sshd entered RUNNING state, process has stayed up for > than 1 seconds (startsecs)
2017-10-31 18:04:52,066 INFO success: mysql entered RUNNING state, process has stayed up for > than 1 seconds (startsecs)
2017-11-02 11:15:28,487 WARN received SIGTERM indicating exit request
2017-11-02 11:15:28,519 INFO waiting for httpd, sshd, mysql to die
2017-11-02 11:15:28,628 INFO stopped: mysql (exit status 0)
2017-11-02 11:15:28,721 INFO stopped: sshd (exit status 255)
2017-11-02 11:15:29,182 INFO stopped: httpd (exit status 0)
2017-11-02 11:15:55,260 CRIT Supervisor running as root (no user in config file)
2017-11-02 11:15:55,305 INFO RPC interface 'supervisor' initialized
2017-11-02 11:15:55,323 CRIT Server 'inet_http_server' running without any HTTP authentication checking
2017-11-02 11:15:55,326 INFO supervisord started with pid 1
2017-11-02 11:15:56,329 INFO spawned: 'httpd' with pid 7
2017-11-02 11:15:56,332 INFO spawned: 'sshd' with pid 8
2017-11-02 11:15:56,335 INFO spawned: 'mysql' with pid 9
2017-11-02 11:15:57,746 INFO success: httpd entered RUNNING state, process has stayed up for > than 1 seconds (startsecs)
2017-11-02 11:15:57,747 INFO success: sshd entered RUNNING state, process has stayed up for > than 1 seconds (startsecs)
2017-11-02 11:15:57,748 INFO success: mysql entered RUNNING state, process has stayed up for > than 1 seconds (startsecs)
2017-11-05 19:53:39,832 WARN received SIGTERM indicating exit request
2017-11-05 19:53:39,852 INFO waiting for httpd, sshd, mysql to die
2017-11-05 19:53:39,905 INFO stopped: mysql (exit status 0)
2017-11-05 19:53:39,923 INFO stopped: sshd (exit status 255)
2017-11-05 19:53:40,115 INFO stopped: httpd (exit status 0)
2017-11-22 21:37:30,812 CRIT Supervisor running as root (no user in config file)
2017-11-22 21:37:30,825 CRIT Supervisor running as root (no user in config file)
2017-11-22 21:37:30,888 INFO RPC interface 'supervisor' initialized
2017-11-22 21:37:30,889 CRIT Server 'inet_http_server' running without any HTTP authentication checking
2017-11-22 21:37:30,895 INFO supervisord started with pid 1
2017-11-22 21:37:30,901 INFO RPC interface 'supervisor' initialized
2017-11-22 21:37:30,908 CRIT Server 'inet_http_server' running without any HTTP authentication checking
2017-11-22 21:37:30,913 INFO supervisord started with pid 1
2017-11-22 21:37:31,900 INFO spawned: 'httpd' with pid 7
2017-11-22 21:37:31,908 INFO spawned: 'sshd' with pid 8
2017-11-22 21:37:31,914 INFO spawned: 'mysql' with pid 9
2017-11-22 21:37:31,917 INFO spawned: 'httpd' with pid 7
2017-11-22 21:37:31,923 INFO spawned: 'sshd' with pid 8
2017-11-22 21:37:31,929 INFO spawned: 'mysql' with pid 9
2017-11-22 21:37:32,918 INFO success: httpd entered RUNNING state, process has stayed up for > than 1 seconds (startsecs)
2017-11-22 21:37:32,919 INFO success: sshd entered RUNNING state, process has stayed up for > than 1 seconds (startsecs)
2017-11-22 21:37:32,921 INFO success: mysql entered RUNNING state, process has stayed up for > than 1 seconds (startsecs)
2017-11-22 21:37:32,932 INFO success: httpd entered RUNNING state, process has stayed up for > than 1 seconds (startsecs)
2017-11-22 21:37:32,933 INFO success: sshd entered RUNNING state, process has stayed up for > than 1 seconds (startsecs)
2017-11-22 21:37:32,934 INFO success: mysql entered RUNNING state, process has stayed up for > than 1 seconds (startsecs)
2017-11-22 21:40:15,528 WARN received SIGTERM indicating exit request
2017-11-22 21:40:15,533 INFO waiting for httpd, sshd, mysql to die
2017-11-22 21:40:15,538 WARN received SIGTERM indicating exit request
2017-11-22 21:40:15,539 INFO waiting for httpd, sshd, mysql to die
2017-11-22 21:40:15,551 INFO stopped: mysql (exit status 0)
2017-11-22 21:40:15,557 INFO stopped: mysql (exit status 0)
2017-11-22 21:40:15,569 INFO stopped: sshd (exit status 255)
2017-11-22 21:40:15,574 INFO stopped: sshd (exit status 255)
2017-11-22 21:40:15,704 INFO stopped: httpd (exit status 0)
2017-11-22 21:40:15,710 INFO stopped: httpd (exit status 0)
2017-11-22 21:53:01,057 CRIT Supervisor running as root (no user in config file)
2017-11-22 21:53:01,078 INFO RPC interface 'supervisor' initialized
2017-11-22 21:53:01,079 CRIT Server 'inet_http_server' running without any HTTP authentication checking
2017-11-22 21:53:01,081 INFO supervisord started with pid 1
2017-11-22 21:53:02,084 INFO spawned: 'httpd' with pid 7
2017-11-22 21:53:02,087 INFO spawned: 'sshd' with pid 8
2017-11-22 21:53:02,101 INFO spawned: 'mysql' with pid 9
2017-11-22 21:53:02,275 CRIT Supervisor running as root (no user in config file)
2017-11-22 21:53:02,294 INFO RPC interface 'supervisor' initialized
2017-11-22 21:53:02,299 CRIT Server 'inet_http_server' running without any HTTP authentication checking
2017-11-22 21:53:02,309 INFO supervisord started with pid 1
2017-11-22 21:53:03,313 INFO spawned: 'httpd' with pid 7
2017-11-22 21:53:03,316 INFO spawned: 'sshd' with pid 8
2017-11-22 21:53:03,322 INFO spawned: 'mysql' with pid 9
2017-11-22 21:53:03,389 INFO success: httpd entered RUNNING state, process has stayed up for > than 1 seconds (startsecs)
2017-11-22 21:53:03,390 INFO success: sshd entered RUNNING state, process has stayed up for > than 1 seconds (startsecs)
2017-11-22 21:53:03,390 INFO success: mysql entered RUNNING state, process has stayed up for > than 1 seconds (startsecs)
2017-11-22 21:53:04,678 INFO success: httpd entered RUNNING state, process has stayed up for > than 1 seconds (startsecs)
2017-11-22 21:53:04,678 INFO success: sshd entered RUNNING state, process has stayed up for > than 1 seconds (startsecs)
2017-11-22 21:53:04,679 INFO success: mysql entered RUNNING state, process has stayed up for > than 1 seconds (startsecs)
2017-11-22 21:58:14,144 WARN received SIGTERM indicating exit request
2017-11-22 21:58:14,145 INFO waiting for httpd, sshd, mysql to die
2017-11-22 21:58:14,147 WARN received SIGTERM indicating exit request
2017-11-22 21:58:14,165 INFO stopped: mysql (exit status 0)
2017-11-22 21:58:14,180 INFO stopped: sshd (exit status 255)
2017-11-22 21:58:14,180 INFO waiting for httpd, sshd, mysql to die
2017-11-22 21:58:14,193 INFO stopped: mysql (exit status 0)
2017-11-22 21:58:14,198 INFO stopped: sshd (exit status 255)
2017-11-22 21:58:14,311 INFO stopped: httpd (exit status 0)
2017-11-22 21:58:14,774 INFO stopped: httpd (exit status 0)
2017-11-23 15:34:15,318 CRIT Supervisor running as root (no user in config file)
2017-11-23 15:34:15,397 INFO RPC interface 'supervisor' initialized
2017-11-23 15:34:15,397 CRIT Server 'inet_http_server' running without any HTTP authentication checking
2017-11-23 15:34:15,414 INFO supervisord started with pid 1
2017-11-23 15:34:15,546 CRIT Supervisor running as root (no user in config file)
2017-11-23 15:34:16,359 INFO RPC interface 'supervisor' initialized
2017-11-23 15:34:16,360 CRIT Server 'inet_http_server' running without any HTTP authentication checking
2017-11-23 15:34:16,405 INFO supervisord started with pid 1
2017-11-23 15:34:16,424 INFO spawned: 'httpd' with pid 7
2017-11-23 15:34:16,429 INFO spawned: 'sshd' with pid 8
2017-11-23 15:34:16,435 INFO spawned: 'mysql' with pid 9
2017-11-23 15:34:17,424 INFO spawned: 'httpd' with pid 8
2017-11-23 15:34:17,432 INFO spawned: 'sshd' with pid 9
2017-11-23 15:34:17,451 INFO spawned: 'mysql' with pid 10
2017-11-23 15:34:17,450 INFO success: httpd entered RUNNING state, process has stayed up for > than 1 seconds (startsecs)
2017-11-23 15:34:17,729 INFO success: sshd entered RUNNING state, process has stayed up for > than 1 seconds (startsecs)
2017-11-23 15:34:17,730 INFO success: mysql entered RUNNING state, process has stayed up for > than 1 seconds (startsecs)
2017-11-23 15:34:18,794 INFO success: httpd entered RUNNING state, process has stayed up for > than 1 seconds (startsecs)
2017-11-23 15:34:18,795 INFO success: sshd entered RUNNING state, process has stayed up for > than 1 seconds (startsecs)
2017-11-23 15:34:18,803 INFO success: mysql entered RUNNING state, process has stayed up for > than 1 seconds (startsecs)
